# JRE version: OpenJDK Runtime Environment (25.0.1+8) (build 25.0.1+8-27)
# Java VM: OpenJDK 64-Bit Server VM (25.0.1+8-27, mixed mode, sharing, tiered, compressed oops, compressed class ptrs, parallel gc, windows-amd64)
GC Precious Log:
 CardTable entry size: 512
 CPUs: 16 total, 16 available
 Memory: 20164M
 Large Page Support: Disabled
 NUMA Support: Disabled
 Compressed Oops: Enabled (32-bit)
 Alignments: Space 512K, Generation 512K, Heap 2M
 Heap Min Capacity: 100M
 Heap Initial Capacity: 100M
 Heap Max Capacity: 2G
 Pre-touch: Disabled
 Parallel Workers: 13
Heap:
 PSYoungGen      total 31232K, used 2202K [0x00000000d5580000, 0x00000000d7680000, 0x0000000100000000)
  eden space 28160K, 4% used [0x00000000d5580000,0x00000000d569a8e8,0x00000000d7100000)
  from space 3072K, 53% used [0x00000000d7380000,0x00000000d7517770,0x00000000d7680000)
  to   space 2560K, 0% used [0x00000000d7100000,0x00000000d7100000,0x00000000d7380000)
 ParOldGen       total 128512K, used 128098K [0x0000000080000000, 0x0000000087d80000, 0x00000000d5580000)
  object space 128512K, 99% used [0x0000000080000000,0x0000000087d18938,0x0000000087d80000)
GC Heap Usage History (20 events):
Event: 195.489 {heap Before GC invocations=79 (full 3):
 PSYoungGen      total 31744K, used 30499K [0x00000000d5580000, 0x00000000d7680000, 0x0000000100000000)
  eden space 28672K, 100% used [0x00000000d5580000,0x00000000d7180000,0x00000000d7180000)
  from space 3072K, 59% used [0x00000000d7180000,0x00000000d7348de8,0x00000000d7480000)
  to   space 2048K, 0% used [0x00000000d7480000,0x00000000d7480000,0x00000000d7680000)
 ParOldGen       total 100352K, used 100011K [0x0000000080000000, 0x0000000086200000, 0x00000000d5580Event: 195.492 {heap After GC invocations=79 (full 3):
 PSYoungGen      total 31744K, used 1755K [0x00000000d5580000, 0x00000000d7680000, 0x0000000100000000)
  eden space 29696K, 0% used [0x00000000d5580000,0x00000000d5580000,0x00000000d7280000)
  from space 2048K, 85% used [0x00000000d7480000,0x00000000d7636dc8,0x00000000d7680000)
  to   space 2048K, 0% used [0x00000000d7280000,0x00000000d7280000,0x00000000d7480000)
 ParOldGen       total 100864K, used 100659K [0x0000000080000000, 0x0000000086280000, 0x00000000d5580000)Event: 195.616 {heap Before GC invocations=80 (full 3):
 PSYoungGen      total 31744K, used 31451K [0x00000000d5580000, 0x00000000d7680000, 0x0000000100000000)
  eden space 29696K, 100% used [0x00000000d5580000,0x00000000d7280000,0x00000000d7280000)
  from space 2048K, 85% used [0x00000000d7480000,0x00000000d7636dc8,0x00000000d7680000)
  to   space 2048K, 0% used [0x00000000d7280000,0x00000000d7280000,0x00000000d7480000)
 ParOldGen       total 100864K, used 100659K [0x0000000080000000, 0x0000000086280000, 0x00000000d5580Event: 195.618 {heap After GC invocations=80 (full 3):
 PSYoungGen      total 31232K, used 2028K [0x00000000d5580000, 0x00000000d7c00000, 0x0000000100000000)
  eden space 29184K, 0% used [0x00000000d5580000,0x00000000d5580000,0x00000000d7200000)
  from space 2048K, 99% used [0x00000000d7280000,0x00000000d747b008,0x00000000d7480000)
  to   space 5120K, 0% used [0x00000000d7700000,0x00000000d7700000,0x00000000d7c00000)
 ParOldGen       total 103424K, used 102952K [0x0000000080000000, 0x0000000086500000, 0x00000000d5580000)Event: 195.710 {heap Before GC invocations=81 (full 3):
 PSYoungGen      total 31232K, used 30291K [0x00000000d5580000, 0x00000000d7c00000, 0x0000000100000000)
  eden space 29184K, 96% used [0x00000000d5580000,0x00000000d7119da8,0x00000000d7200000)
  from space 2048K, 99% used [0x00000000d7280000,0x00000000d747b008,0x00000000d7480000)
  to   space 5120K, 0% used [0x00000000d7700000,0x00000000d7700000,0x00000000d7c00000)
 ParOldGen       total 103424K, used 102952K [0x0000000080000000, 0x0000000086500000, 0x00000000d55800Event: 195.714 {heap After GC invocations=81 (full 3):
 PSYoungGen      total 33280K, used 4169K [0x00000000d5580000, 0x00000000d7b80000, 0x0000000100000000)
  eden space 28672K, 0% used [0x00000000d5580000,0x00000000d5580000,0x00000000d7180000)
  from space 4608K, 90% used [0x00000000d7700000,0x00000000d7b12438,0x00000000d7b80000)
  to   space 4608K, 0% used [0x00000000d7280000,0x00000000d7280000,0x00000000d7700000)
 ParOldGen       total 104960K, used 104760K [0x0000000080000000, 0x0000000086680000, 0x00000000d5580000)Event: 195.786 {heap Before GC invocations=82 (full 3):
 PSYoungGen      total 33280K, used 32841K [0x00000000d5580000, 0x00000000d7b80000, 0x0000000100000000)
  eden space 28672K, 100% used [0x00000000d5580000,0x00000000d7180000,0x00000000d7180000)
  from space 4608K, 90% used [0x00000000d7700000,0x00000000d7b12438,0x00000000d7b80000)
  to   space 4608K, 0% used [0x00000000d7280000,0x00000000d7280000,0x00000000d7700000)
 ParOldGen       total 104960K, used 104760K [0x0000000080000000, 0x0000000086680000, 0x00000000d5580Event: 195.790 {heap After GC invocations=82 (full 3):
 PSYoungGen      total 32768K, used 4195K [0x00000000d5580000, 0x00000000d7a00000, 0x0000000100000000)
  eden space 28160K, 0% used [0x00000000d5580000,0x00000000d5580000,0x00000000d7100000)
  from space 4608K, 91% used [0x00000000d7280000,0x00000000d7698ec0,0x00000000d7700000)
  to   space 3072K, 0% used [0x00000000d7700000,0x00000000d7700000,0x00000000d7a00000)
 ParOldGen       total 107520K, used 107199K [0x0000000080000000, 0x0000000086900000, 0x00000000d5580000)Event: 195.859 {heap Before GC invocations=83 (full 3):
 PSYoungGen      total 32768K, used 32355K [0x00000000d5580000, 0x00000000d7a00000, 0x0000000100000000)
  eden space 28160K, 100% used [0x00000000d5580000,0x00000000d7100000,0x00000000d7100000)
  from space 4608K, 91% used [0x00000000d7280000,0x00000000d7698ec0,0x00000000d7700000)
  to   space 3072K, 0% used [0x00000000d7700000,0x00000000d7700000,0x00000000d7a00000)
 ParOldGen       total 107520K, used 107199K [0x0000000080000000, 0x0000000086900000, 0x00000000d5580Event: 195.863 {heap After GC invocations=83 (full 3):
 PSYoungGen      total 30208K, used 3071K [0x00000000d5580000, 0x00000000d7e80000, 0x0000000100000000)
  eden space 27136K, 0% used [0x00000000d5580000,0x00000000d5580000,0x00000000d7000000)
  from space 3072K, 99% used [0x00000000d7700000,0x00000000d79fff10,0x00000000d7a00000)
  to   space 7168K, 0% used [0x00000000d7000000,0x00000000d7000000,0x00000000d7700000)
 ParOldGen       total 111104K, used 110775K [0x0000000080000000, 0x0000000086c80000, 0x00000000d5580000)Event: 195.937 {heap Before GC invocations=84 (full 3):
 PSYoungGen      total 30208K, used 30207K [0x00000000d5580000, 0x00000000d7e80000, 0x0000000100000000)
  eden space 27136K, 100% used [0x00000000d5580000,0x00000000d7000000,0x00000000d7000000)
  from space 3072K, 99% used [0x00000000d7700000,0x00000000d79fff10,0x00000000d7a00000)
  to   space 7168K, 0% used [0x00000000d7000000,0x00000000d7000000,0x00000000d7700000)
 ParOldGen       total 111104K, used 110775K [0x0000000080000000, 0x0000000086c80000, 0x00000000d5580Event: 195.941 {heap After GC invocations=84 (full 3):
 PSYoungGen      total 30208K, used 3143K [0x00000000d5580000, 0x00000000d7880000, 0x0000000100000000)
  eden space 26624K, 0% used [0x00000000d5580000,0x00000000d5580000,0x00000000d6f80000)
  from space 3584K, 87% used [0x00000000d7000000,0x00000000d7311dc0,0x00000000d7380000)
  to   space 4608K, 0% used [0x00000000d7400000,0x00000000d7400000,0x00000000d7880000)
 ParOldGen       total 113664K, used 113476K [0x0000000080000000, 0x0000000086f00000, 0x00000000d5580000)Event: 195.989 {heap Before GC invocations=85 (full 3):
 PSYoungGen      total 30208K, used 29767K [0x00000000d5580000, 0x00000000d7880000, 0x0000000100000000)
  eden space 26624K, 100% used [0x00000000d5580000,0x00000000d6f80000,0x00000000d6f80000)
  from space 3584K, 87% used [0x00000000d7000000,0x00000000d7311dc0,0x00000000d7380000)
  to   space 4608K, 0% used [0x00000000d7400000,0x00000000d7400000,0x00000000d7880000)
 ParOldGen       total 113664K, used 113476K [0x0000000080000000, 0x0000000086f00000, 0x00000000d5580Event: 195.992 {heap After GC invocations=85 (full 3):
 PSYoungGen      total 30720K, used 4512K [0x00000000d5580000, 0x00000000d7900000, 0x0000000100000000)
  eden space 26112K, 0% used [0x00000000d5580000,0x00000000d5580000,0x00000000d6f00000)
  from space 4608K, 97% used [0x00000000d7400000,0x00000000d7868000,0x00000000d7880000)
  to   space 5120K, 0% used [0x00000000d6f00000,0x00000000d6f00000,0x00000000d7400000)
 ParOldGen       total 116224K, used 116174K [0x0000000080000000, 0x0000000087180000, 0x00000000d5580000)Event: 196.041 {heap Before GC invocations=86 (full 3):
 PSYoungGen      total 30720K, used 30624K [0x00000000d5580000, 0x00000000d7900000, 0x0000000100000000)
  eden space 26112K, 100% used [0x00000000d5580000,0x00000000d6f00000,0x00000000d6f00000)
  from space 4608K, 97% used [0x00000000d7400000,0x00000000d7868000,0x00000000d7880000)
  to   space 5120K, 0% used [0x00000000d6f00000,0x00000000d6f00000,0x00000000d7400000)
 ParOldGen       total 116224K, used 116174K [0x0000000080000000, 0x0000000087180000, 0x00000000d5580Event: 196.045 {heap After GC invocations=86 (full 3):
 PSYoungGen      total 28672K, used 2368K [0x00000000d5580000, 0x00000000d7680000, 0x0000000100000000)
  eden space 26112K, 0% used [0x00000000d5580000,0x00000000d5580000,0x00000000d6f00000)
  from space 2560K, 92% used [0x00000000d6f00000,0x00000000d7150000,0x00000000d7180000)
  to   space 3584K, 0% used [0x00000000d7300000,0x00000000d7300000,0x00000000d7680000)
 ParOldGen       total 120320K, used 120217K [0x0000000080000000, 0x0000000087580000, 0x00000000d5580000)Event: 196.097 {heap Before GC invocations=87 (full 3):
 PSYoungGen      total 28672K, used 28480K [0x00000000d5580000, 0x00000000d7680000, 0x0000000100000000)
  eden space 26112K, 100% used [0x00000000d5580000,0x00000000d6f00000,0x00000000d6f00000)
  from space 2560K, 92% used [0x00000000d6f00000,0x00000000d7150000,0x00000000d7180000)
  to   space 3584K, 0% used [0x00000000d7300000,0x00000000d7300000,0x00000000d7680000)
 ParOldGen       total 120320K, used 120217K [0x0000000080000000, 0x0000000087580000, 0x00000000d5580Event: 196.100 {heap After GC invocations=87 (full 3):
 PSYoungGen      total 30208K, used 3200K [0x00000000d5580000, 0x00000000d7680000, 0x0000000100000000)
  eden space 26624K, 0% used [0x00000000d5580000,0x00000000d5580000,0x00000000d6f80000)
  from space 3584K, 89% used [0x00000000d7300000,0x00000000d7620008,0x00000000d7680000)
  to   space 3584K, 0% used [0x00000000d6f80000,0x00000000d6f80000,0x00000000d7300000)
 ParOldGen       total 122880K, used 122497K [0x0000000080000000, 0x0000000087800000, 0x00000000d5580000)Event: 196.174 {heap Before GC invocations=88 (full 3):
 PSYoungGen      total 30208K, used 29824K [0x00000000d5580000, 0x00000000d7680000, 0x0000000100000000)
  eden space 26624K, 100% used [0x00000000d5580000,0x00000000d6f80000,0x00000000d6f80000)
  from space 3584K, 89% used [0x00000000d7300000,0x00000000d7620008,0x00000000d7680000)
  to   space 3584K, 0% used [0x00000000d6f80000,0x00000000d6f80000,0x00000000d7300000)
 ParOldGen       total 122880K, used 122497K [0x0000000080000000, 0x0000000087800000, 0x00000000d5580Event: 196.177 {heap After GC invocations=88 (full 3):
 PSYoungGen      total 30208K, used 2860K [0x00000000d5580000, 0x00000000d7680000, 0x0000000100000000)
  eden space 26624K, 0% used [0x00000000d5580000,0x00000000d5580000,0x00000000d6f80000)
  from space 3584K, 79% used [0x00000000d6f80000,0x00000000d724b010,0x00000000d7300000)
  to   space 3072K, 0% used [0x00000000d7380000,0x00000000d7380000,0x00000000d7680000)
 ParOldGen       total 125952K, used 125513K [0x0000000080000000, 0x0000000087b00000, 0x00000000d5580000)
Metaspace Usage History (20 events):
Event: 195.489 {metaspace Before GC invocations=79 (full 3):
 Metaspace       used 70987K, committed 72384K, reserved 1179648K
  class space    used 6196K, committed 6784K, reserved 1048576K
}
Event: 195.492 {metaspace After GC invocations=79 (full 3):
 Metaspace       used 70987K, committed 72384K, reserved 1179648K
  class space    used 6196K, committed 6784K, reserved 1048576K
}
Event: 195.616 {metaspace Before GC invocations=80 (full 3):
 Metaspace       used 70990K, committed 72384K, reserved 1179648K
  class space    used 6196K, committed 6784K, reserved 1048576K
}
Event: 195.618 {metaspace After GC invocations=80 (full 3):
 Metaspace       used 70990K, committed 72384K, reserved 1179648K
  class space    used 6196K, committed 6784K, reserved 1048576K
}
Event: 195.710 {metaspace Before GC invocations=81 (full 3):
 Metaspace       used 70990K, committed 72384K, reserved 1179648K
  class space    used 6196K, committed 6784K, reserved 1048576K
}
Event: 195.714 {metaspace After GC invocations=81 (full 3):
 Metaspace       used 70990K, committed 72384K, reserved 1179648K
  class space    used 6196K, committed 6784K, reserved 1048576K
}
Event: 195.786 {metaspace Before GC invocations=82 (full 3):
 Metaspace       used 70990K, committed 72384K, reserved 1179648K
  class space    used 6196K, committed 6784K, reserved 1048576K
}
Event: 195.790 {metaspace After GC invocations=82 (full 3):
 Metaspace       used 70990K, committed 72384K, reserved 1179648K
  class space    used 6196K, committed 6784K, reserved 1048576K
}
Event: 195.859 {metaspace Before GC invocations=83 (full 3):
 Metaspace       used 70990K, committed 72384K, reserved 1179648K
  class space    used 6196K, committed 6784K, reserved 1048576K
}
Event: 195.863 {metaspace After GC invocations=83 (full 3):
 Metaspace       used 70990K, committed 72384K, reserved 1179648K
  class space    used 6196K, committed 6784K, reserved 1048576K
}
Event: 195.937 {metaspace Before GC invocations=84 (full 3):
 Metaspace       used 70990K, committed 72384K, reserved 1179648K
  class space    used 6196K, committed 6784K, reserved 1048576K
}
Event: 195.941 {metaspace After GC invocations=84 (full 3):
 Metaspace       used 70990K, committed 72384K, reserved 1179648K
  class space    used 6196K, committed 6784K, reserved 1048576K
}
Event: 195.989 {metaspace Before GC invocations=85 (full 3):
 Metaspace       used 70990K, committed 72384K, reserved 1179648K
  class space    used 6196K, committed 6784K, reserved 1048576K
}
Event: 195.992 {metaspace After GC invocations=85 (full 3):
 Metaspace       used 70990K, committed 72384K, reserved 1179648K
  class space    used 6196K, committed 6784K, reserved 1048576K
}
Event: 196.041 {metaspace Before GC invocations=86 (full 3):
 Metaspace       used 70990K, committed 72384K, reserved 1179648K
  class space    used 6196K, committed 6784K, reserved 1048576K
}
Event: 196.045 {metaspace After GC invocations=86 (full 3):
 Metaspace       used 70990K, committed 72384K, reserved 1179648K
  class space    used 6196K, committed 6784K, reserved 1048576K
}
Event: 196.097 {metaspace Before GC invocations=87 (full 3):
 Metaspace       used 70990K, committed 72384K, reserved 1179648K
  class space    used 6196K, committed 6784K, reserved 1048576K
}
Event: 196.100 {metaspace After GC invocations=87 (full 3):
 Metaspace       used 70990K, committed 72384K, reserved 1179648K
  class space    used 6196K, committed 6784K, reserved 1048576K
}
Event: 196.174 {metaspace Before GC invocations=88 (full 3):
 Metaspace       used 70990K, committed 72384K, reserved 1179648K
  class space    used 6196K, committed 6784K, reserved 1048576K
}
Event: 196.177 {metaspace After GC invocations=88 (full 3):
 Metaspace       used 70990K, committed 72384K, reserved 1179648K
  class space    used 6196K, committed 6784K, reserved 1048576K
}

